  [2m2026-03-09T19:32:02.618466Z[0m [33m WARN[0m [1;33mrch::hook[0m[33m: [33mFailed to query daemon: Daemon socket not found at /run/user/1000/rch.sock, running locally[0m
    [2;3mat[0m rch/src/hook.rs:235 [2;3mon[0m ThreadId(1)

  [2m2026-03-09T19:32:02.618555Z[0m [32m INFO[0m [1;32mrch::hook::autostart[0m[32m: [32mDaemon unavailable, attempting auto-start[0m
    [2;3mat[0m rch/src/hook.rs:914 [2;3mon[0m ThreadId(1)

  [2m2026-03-09T19:32:02.618683Z[0m [32m INFO[0m [1;32mrch::hook::autostart[0m[32m: [32mSpawning rchd at /home/ubuntu/.local/bin/rchd[0m
    [2;3mat[0m rch/src/hook.rs:960 [2;3mon[0m ThreadId(1)

  [2m2026-03-09T19:32:03.132586Z[0m [32m INFO[0m [1;32mrch::hook::autostart[0m[32m: [32mAuto-start successful, socket is responsive[0m
    [2;3mat[0m rch/src/hook.rs:972 [2;3mon[0m ThreadId(1)

   Compiling unicode-ident v1.0.24
   Compiling proc-macro2 v1.0.106
   Compiling quote v1.0.44
   Compiling serde_core v1.0.228
   Compiling typenum v1.19.0
   Compiling version_check v0.9.5
   Compiling serde v1.0.228
   Compiling cfg-if v1.0.4
   Compiling subtle v2.6.1
   Compiling zmij v1.0.21
   Compiling serde_json v1.0.149
   Compiling libc v0.2.182
   Compiling autocfg v1.5.0
   Compiling once_cell v1.21.3
   Compiling itoa v1.0.17
   Compiling memchr v2.8.0
   Compiling getrandom v0.4.1
   Compiling semver v1.0.27
   Compiling cpufeatures v0.2.17
   Compiling utf8parse v0.2.2
   Compiling equivalent v1.0.2
   Compiling hashbrown v0.16.1
   Compiling colorchoice v1.0.4
   Compiling anstyle v1.0.13
   Compiling pin-project-lite v0.2.16
   Compiling rustix v1.1.3
   Compiling winnow v0.7.14
   Compiling anstyle-query v1.1.5
   Compiling is_terminal_polyfill v1.70.2
   Compiling thiserror v2.0.18
   Compiling crc32fast v1.5.0
   Compiling toml_write v0.1.2
   Compiling regex-syntax v0.8.9
   Compiling iana-time-zone v0.1.65
   Compiling adler2 v2.0.1
   Compiling lazy_static v1.5.0
   Compiling heck v0.5.0
   Compiling log v0.4.29
   Compiling strsim v0.11.1
   Compiling simd-adler32 v0.3.8
   Compiling bitflags v2.11.0
   Compiling linux-raw-sys v0.11.0
   Compiling anyhow v1.0.101
   Compiling signature v2.2.0
   Compiling clap_lex v1.0.0
   Compiling fastrand v2.3.0
   Compiling half v1.8.3
   Compiling nu-ansi-term v0.50.3
   Compiling rand_core v0.6.4
   Compiling hex v0.4.3
   Compiling smallvec v1.15.1
   Compiling base64 v0.22.1
   Compiling thread_local v1.1.9
   Compiling anstyle-parse v0.2.7
   Compiling tracing-core v0.1.36
   Compiling generic-array v0.14.7
   Compiling sharded-slab v0.1.7
   Compiling rustc_version v0.4.1
   Compiling miniz_oxide v0.8.9
   Compiling ed25519 v2.2.3
   Compiling num-traits v0.2.19
   Compiling anstream v0.6.21
   Compiling curve25519-dalek v4.1.3
   Compiling clap_builder v4.5.60
   Compiling tracing-log v0.2.0
   Compiling indexmap v2.13.0
   Compiling flate2 v1.1.9
   Compiling syn v2.0.116
   Compiling regex-automata v0.4.14
   Compiling block-buffer v0.10.4
   Compiling crypto-common v0.1.7
   Compiling digest v0.10.7
   Compiling sha2 v0.10.9
   Compiling hmac v0.12.1
   Compiling hkdf v0.12.4
   Compiling tempfile v3.25.0
   Compiling uuid v1.21.0
   Compiling matchers v0.2.0
   Compiling serde_derive v1.0.228
   Compiling zeroize_derive v1.4.3
   Compiling curve25519-dalek-derive v0.1.1
   Compiling tracing-attributes v0.1.31
   Compiling thiserror-impl v2.0.18
   Compiling clap_derive v4.5.55
   Compiling tokio-macros v2.6.0
   Compiling zeroize v1.8.2
   Compiling tokio v1.49.0
   Compiling tracing v0.1.44
   Compiling tracing-subscriber v0.3.22
   Compiling clap v4.5.60
   Compiling ed25519-dalek v2.2.0
   Compiling serde_spanned v0.6.9
   Compiling toml_datetime v0.6.11
   Compiling franken-kernel v0.2.7 (/dp/asupersync/franken_kernel)
   Compiling franken-evidence v0.2.7 (/dp/asupersync/franken_evidence)
   Compiling chrono v0.4.43
   Compiling frankenengine-extension-host v0.1.0 (/data/projects/franken_engine/crates/franken-extension-host)
   Compiling serde_cbor v0.11.2
   Compiling toml_edit v0.22.27
   Compiling franken-decision v0.2.7 (/dp/asupersync/franken_decision)
   Compiling toml v0.8.23
   Compiling frankenengine-engine v0.1.0 (/data/projects/franken_engine/crates/franken-engine)
   Compiling frankenengine-node v0.1.0 (/data/projects/franken_node/crates/franken-node)
    Finished `test` profile [unoptimized + debuginfo] target(s) in 3m 37s
     Running unittests src/lib.rs (/tmp/rch_franken_node_bd1z5a3_suite_rerun2/debug/deps/frankenengine_node-9d57e22631bf48d3)
